\BOOKMARK [1][-]{toc.1}{CONTENTS}{}% 1
\BOOKMARK [1][-]{section*.2}{ABSTRACT}{}% 2
\BOOKMARK [1][-]{section*.3}{R\311SUM\311}{}% 3
\BOOKMARK [1][-]{section.1}{Introduction}{}% 4
\BOOKMARK [1][-]{section.2}{Methods}{}% 5
\BOOKMARK [2][-]{subsection.2.1}{SURVEY DESIGN}{section.2}% 6
\BOOKMARK [3][-]{subsubsection.2.1.1}{STRATIFIED RANDOM SAMPLING SURVEY DESIGN COMPONENT}{subsection.2.1}% 7
\BOOKMARK [3][-]{subsubsection.2.1.2}{TRADITIONAL STANDARD SURVEY COMPONENTS}{subsection.2.1}% 8
\BOOKMARK [2][-]{subsection.2.2}{VESSELS}{section.2}% 9
\BOOKMARK [2][-]{subsection.2.3}{FISHING GEAR}{section.2}% 10
\BOOKMARK [2][-]{subsection.2.4}{FISHING OPERATIONS}{section.2}% 11
\BOOKMARK [3][-]{subsubsection.2.4.1}{Stratified Random Component \(StRS\)}{subsection.2.4}% 12
\BOOKMARK [3][-]{subsubsection.2.4.2}{Traditional Standardized Inlet Component}{subsection.2.4}% 13
\BOOKMARK [2][-]{subsection.2.5}{CATCH PROCESSING}{section.2}% 14
\BOOKMARK [3][-]{subsubsection.2.5.1}{Sablefish Allocation Details}{subsection.2.5}% 15
\BOOKMARK [2][-]{subsection.2.6}{BIOLOGICAL SAMPLING \(LWSMO\)}{section.2}% 16
\BOOKMARK [2][-]{subsection.2.7}{SABLEFISH TAGGING}{section.2}% 17
\BOOKMARK [2][-]{subsection.2.8}{SABLEFISH TAG RECOVERY}{section.2}% 18
\BOOKMARK [2][-]{subsection.2.9}{OCEANOGRAPHIC SENSOR DATA COLLECTION}{section.2}% 19
\BOOKMARK [2][-]{subsection.2.10}{ELECTRONIC MONITORING VIDEO DATA COLLECTION}{section.2}% 20
\BOOKMARK [1][-]{section.3}{Results and Discussion}{}% 21
\BOOKMARK [2][-]{subsection.3.1}{FISHING}{section.3}% 22
\BOOKMARK [3][-]{subsubsection.3.1.1}{2018 Survey}{subsection.3.1}% 23
\BOOKMARK [3][-]{subsubsection.3.1.2}{2019 Survey}{subsection.3.1}% 24
\BOOKMARK [2][-]{subsection.3.2}{CATCH PER UNIT EFFORT \(CPUE\)}{section.3}% 25
\BOOKMARK [3][-]{subsubsection.3.2.1}{Stratified Random Set CPUE}{subsection.3.2}% 26
\BOOKMARK [3][-]{subsubsection.3.2.2}{Mainland Inlet CPUE}{subsection.3.2}% 27
\BOOKMARK [2][-]{subsection.3.3}{CATCH COMPOSITION}{section.3}% 28
\BOOKMARK [3][-]{subsubsection.3.3.1}{2018 Survey}{subsection.3.3}% 29
\BOOKMARK [3][-]{subsubsection.3.3.2}{2019 Survey}{subsection.3.3}% 30
\BOOKMARK [2][-]{subsection.3.4}{SABLEFISH SAMPLING}{section.3}% 31
\BOOKMARK [2][-]{subsection.3.5}{SABLEFISH SUB-LEGAL ENCOUNTERS}{section.3}% 32
\BOOKMARK [2][-]{subsection.3.6}{OTHER FISH SAMPLING}{section.3}% 33
\BOOKMARK [2][-]{subsection.3.7}{RECOVERED TAGGED SABLEFISH}{section.3}% 34
\BOOKMARK [2][-]{subsection.3.8}{SABLEFISH AGES}{section.3}% 35
\BOOKMARK [2][-]{subsection.3.9}{OCEANOGRAPHIC TEMPERATURES AND DEPTHS}{section.3}% 36
\BOOKMARK [2][-]{subsection.3.10}{ACKNOWLEDGEMENTS}{section.3}% 37
\BOOKMARK [1][-]{section.4}{Tables}{}% 38
\BOOKMARK [1][-]{section.5}{Figures}{}% 39
\BOOKMARK [1][-]{section*.28}{Appendices}{}% 40
\BOOKMARK [1][-]{appendix.1.A}{LIST OF TRADITIONAL LOCALITIES.}{}% 41
\BOOKMARK [1][-]{appendix.1.B}{LIST OF SABLEFISH RESEARCH AND ASSESSMENT SURVEYS.}{}% 42
\BOOKMARK [1][-]{appendix.1.C}{SET DETAILS 2018.}{}% 43
\BOOKMARK [1][-]{appendix.1.D}{SET DETAILS 2019.}{}% 44
\BOOKMARK [1][-]{appendix.1.E}{SUMMARY OF BASKET USE BY TRAP 2018.}{}% 45
\BOOKMARK [1][-]{appendix.1.F}{SUMMARY OF BASKET USE BY TRAP 2019.}{}% 46
\BOOKMARK [1][-]{appendix.1.G}{SUMMARY OF SABLEFISH BIOLOGICAL DATA 2018.}{}% 47
\BOOKMARK [1][-]{appendix.1.H}{SUMMARY OF SABLEFISH BIOLOGICAL DATA 2019.}{}% 48
\BOOKMARK [1][-]{appendix.1.I}{SUMMARY OF BIOLOGICAL DATA 2018 FOR OTHER FISH.}{}% 49
\BOOKMARK [1][-]{appendix.1.J}{SUMMARY OF BIOLOGICAL DATA 2019 BY SET FOR OTHER FISH.}{}% 50
\BOOKMARK [1][-]{appendix.6}{References}{}% 51
